2025-10-08 04:45:31,470 - __main__ - INFO - Starting ETL pipeline execution...
2025-10-08 04:45:31,471 - __main__ - INFO - Validating pipeline configuration...
2025-10-08 04:45:31,471 - __main__ - INFO - Pipeline validation successful
2025-10-08 04:45:31,471 - __main__ - INFO - DRY RUN MODE - No data will be written
2025-10-08 04:45:31,471 - __main__ - INFO - Starting data extraction...
2025-10-08 04:45:31,539 - __main__ - INFO - Extracted 1691 transactions from XML
2025-10-08 04:45:31,539 - __main__ - INFO - Starting data transformation...
2025-10-08 04:45:31,695 - __main__ - INFO - Processed 1000/1691 transactions
2025-10-08 04:45:31,873 - __main__ - INFO - Transformation completed: 1691 successful, 0 failed
2025-10-08 04:45:31,875 - __main__ - INFO - ETL pipeline completed successfully in 0.40 seconds
2025-10-08 04:45:31,875 - __main__ - INFO - Statistics: 1691/1691 transactions processed
2025-10-08 04:45:35,987 - __main__ - INFO - Starting ETL pipeline execution...
2025-10-08 04:45:35,987 - __main__ - INFO - Validating pipeline configuration...
2025-10-08 04:45:35,987 - __main__ - INFO - Pipeline validation successful
2025-10-08 04:45:35,988 - __main__ - INFO - Starting data extraction...
2025-10-08 04:45:36,037 - __main__ - INFO - Extracted 1691 transactions from XML
2025-10-08 04:45:36,037 - __main__ - INFO - Starting data transformation...
2025-10-08 04:45:36,200 - __main__ - INFO - Processed 1000/1691 transactions
2025-10-08 04:45:36,366 - __main__ - INFO - Transformation completed: 1691 successful, 0 failed
2025-10-08 04:45:36,367 - __main__ - INFO - Starting data loading...
2025-10-08 04:45:36,482 - __main__ - INFO - Loaded 1691 transactions to /Users/TOM/alu-AirBnB_clone_v2/Momo_app-code-bit/dsa/transactions.json
2025-10-08 04:45:36,483 - __main__ - ERROR - Loading failed: [Errno 20] Not a directory: '/Users/TOM/alu-AirBnB_clone_v2/Momo_app-code-bit/data/processed/etl_stats_20251008_044536.json'
2025-10-08 04:45:49,633 - __main__ - INFO - Starting ETL pipeline execution...
2025-10-08 04:45:49,634 - __main__ - INFO - Validating pipeline configuration...
2025-10-08 04:45:49,634 - __main__ - INFO - Pipeline validation successful
2025-10-08 04:45:49,634 - __main__ - INFO - Starting data extraction...
2025-10-08 04:45:49,695 - __main__ - INFO - Extracted 1691 transactions from XML
2025-10-08 04:45:49,696 - __main__ - INFO - Starting data transformation...
2025-10-08 04:45:49,856 - __main__ - INFO - Processed 1000/1691 transactions
2025-10-08 04:45:50,018 - __main__ - INFO - Transformation completed: 1691 successful, 0 failed
2025-10-08 04:45:50,019 - __main__ - INFO - Starting data loading...
2025-10-08 04:45:50,123 - __main__ - INFO - Loaded 1691 transactions to /Users/TOM/alu-AirBnB_clone_v2/Momo_app-code-bit/dsa/transactions.json
2025-10-08 04:45:50,123 - __main__ - INFO - ETL pipeline completed successfully in 0.49 seconds
2025-10-08 04:45:50,123 - __main__ - INFO - Statistics: 1691/1691 transactions processed
